<?xml version="1.0" encoding="UTF-8"?>
<!-- Generated by org.testng.reporters.JUnitReportReporter -->
<testsuite hostname="DESKTOP-LLII4V9" failures="0" tests="4" name="rough.login" time="32.960" errors="0" timestamp="2023-01-27T18:27:46 CET" skipped="0">
  <testcase classname="rough.login" name="validLogin" time="8.240"/>
  <system-out/>
  <testcase classname="rough.login" name="invalidLoginWrongEmail" time="7.445"/>
  <system-out/>
  <testcase classname="rough.login" name="invalidLoginWrongEmailandPassword" time="9.888"/>
  <system-out/>
  <testcase classname="rough.login" name="invalidLoginWrongPassword" time="7.387"/>
  <system-out/>
</testsuite> <!-- rough.login -->
